<?xml version="1.0" encoding="UTF-8"?>
<Site BuildName="Linux-clang++"
	BuildStamp="20240118-1125-Experimental"
	Name="iZ2zeiyskh5am953rnatfkZ"
	Generator="ctest-3.16.3"
	CompilerName="/usr/bin/clang++"
	CompilerVersion="10.0.0"
	OSName="Linux"
	Hostname="iZ2zeiyskh5am953rnatfkZ"
	OSRelease="5.4.0-169-generic"
	OSVersion="#187-Ubuntu SMP Thu Nov 23 14:52:28 UTC 2023"
	OSPlatform="x86_64"
	Is64Bits="1"
	VendorString="GenuineIntel"
	VendorID="Intel Corporation"
	FamilyID="6"
	ModelID="85"
	ProcessorCacheSize="33792"
	NumberOfLogicalCPU="2"
	NumberOfPhysicalCPU="1"
	TotalVirtualMemory="0"
	TotalPhysicalMemory="1890"
	LogicalProcessorsPerPhysical="2"
	ProcessorClockFrequency="2500"
	>
	<Testing>
		<StartDateTime>Jan 18 19:25 CST</StartDateTime>
		<StartTestTime>1705577110</StartTestTime>
		<TestList/>
		<EndDateTime>Jan 18 19:25 CST</EndDateTime>
		<EndTestTime>1705577110</EndTestTime>
		<ElapsedMinutes>0</ElapsedMinutes>
	</Testing>
</Site>
