<?xml version="1.0" encoding="UTF-8"?>
<Site BuildName="Linux-g++"
	BuildStamp="20240330-1423-Experimental"
	Name="VM-8-4-ubuntu"
	Generator="ctest-3.22.1"
	CompilerName="/usr/bin/g++"
	CompilerVersion="11.4.0"
	OSName="Linux"
	Hostname="VM-8-4-ubuntu"
	OSRelease="5.15.0-97-generic"
	OSVersion="#107-Ubuntu SMP Wed Feb 7 13:26:48 UTC 2024"
	OSPlatform="x86_64"
	Is64Bits="1"
	VendorString="GenuineIntel"
	VendorID="Intel Corporation"
	FamilyID="6"
	ModelID="94"
	ProcessorCacheSize="28160"
	NumberOfLogicalCPU="4"
	NumberOfPhysicalCPU="4"
	TotalVirtualMemory="0"
	TotalPhysicalMemory="15477"
	LogicalProcessorsPerPhysical="1"
	ProcessorClockFrequency="2494.14"
	>
	<Testing>
		<StartDateTime>Mar 30 22:23 CST</StartDateTime>
		<StartTestTime>1711808638</StartTestTime>
		<TestList/>
		<EndDateTime>Mar 30 22:23 CST</EndDateTime>
		<EndTestTime>1711808638</EndTestTime>
		<ElapsedMinutes>0</ElapsedMinutes>
	</Testing>
</Site>
