<?xml version="1.0" encoding="UTF-8"?>
<Site BuildName="Linux-clang++"
	BuildStamp="20240423-0924-Experimental"
	Name="VM-8-4-ubuntu"
	Generator="ctest-3.22.1"
	CompilerName="/usr/bin/clang++"
	CompilerVersion="14.0.0"
	OSName="Linux"
	Hostname="VM-8-4-ubuntu"
	OSRelease="5.15.0-97-generic"
	OSVersion="#107-Ubuntu SMP Wed Feb 7 13:26:48 UTC 2024"
	OSPlatform="x86_64"
	Is64Bits="1"
	VendorString="GenuineIntel"
	VendorID="Intel Corporation"
	FamilyID="6"
	ModelID="94"
	ProcessorCacheSize="28160"
	NumberOfLogicalCPU="4"
	NumberOfPhysicalCPU="4"
	TotalVirtualMemory="0"
	TotalPhysicalMemory="15477"
	LogicalProcessorsPerPhysical="1"
	ProcessorClockFrequency="2494.14"
	>
	<Testing>
		<StartDateTime>Apr 23 17:24 CST</StartDateTime>
		<StartTestTime>1713864246</StartTestTime>
		<TestList/>
		<EndDateTime>Apr 23 17:24 CST</EndDateTime>
		<EndTestTime>1713864246</EndTestTime>
		<ElapsedMinutes>0</ElapsedMinutes>
	</Testing>
</Site>
